{"user_id": 18478, "postcode": "WC2", "webpage": "www.sample.com/shop.html", "timestamp": 1614221130196}
{"user_id": 96936, "postcode": "E3", "webpage": "www.sample.com/about.html", "timestamp": 1614221132451}
{"user_id": 22042, "postcode": "N1", "webpage": "www.sample.com/download.html", "timestamp": 1614221133457}
{"user_id": 48859, "postcode": "W2", "webpage": "www.sample.com/about.html", "timestamp": 1614221134461}
{"user_id": 67656, "postcode": "N3", "webpage": "www.sample.com/contacts.html", "timestamp": 1614221135465}
{"user_id": 15922, "postcode": "E1", "webpage": "www.sample.com/contacts.html", "timestamp": 1614221136470}
{"user_id": 83948, "postcode": "E1", "webpage": "www.sample.com/download.html", "timestamp": 1614221137475}
{"user_id": 57778, "postcode": "WC1", "webpage": "www.sample.com/about.html", "timestamp": 1614221138481}
{"user_id": 67397, "postcode": "E3", "webpage": "www.sample.com/download.html", "timestamp": 1614221139486}
{"user_id": 25875, "postcode": "N1", "webpage": "www.sample.com/download.html", "timestamp": 1614221140489}
{"user_id": 49924, "postcode": "WC2", "webpage": "www.sample.com/shop.html", "timestamp": 1614221141493}
{"user_id": 36504, "postcode": "W2", "webpage": "www.sample.com/download.html", "timestamp": 1614221142499}
{"user_id": 91821, "postcode": "W2", "webpage": "www.sample.com/index.html", "timestamp": 1614221143501}
{"user_id": 13132, "postcode": "E3", "webpage": "www.sample.com/contacts.html", "timestamp": 1614221144507}
{"user_id": 71683, "postcode": "E1", "webpage": "www.sample.com/contacts.html", "timestamp": 1614221145512}
{"user_id": 45685, "postcode": "E1", "webpage": "www.sample.com/contacts.html", "timestamp": 1614221146517}
{"user_id": 67067, "postcode": "E3", "webpage": "www.sample.com/contacts.html", "timestamp": 1614221147524}
{"user_id": 50831, "postcode": "E1", "webpage": "www.sample.com/contacts.html", "timestamp": 1614221148527}
{"user_id": 39204, "postcode": "WC2", "webpage": "www.sample.com/about.html", "timestamp": 1614221149533}
{"user_id": 43799, "postcode": "W2", "webpage": "www.sample.com/shop.html", "timestamp": 1614221150537}
